<?xml version="1.0" encoding="UTF-8"?>
<!-- Generated by org.testng.reporters.JUnitXMLReporter -->
<testsuite ignored="0" hostname="DESKTOP-18BP1P8" failures="1" tests="2" name="Test" time="704.584" errors="0" timestamp="2022-11-17T17:12:12 IST">
  <testcase classname="Test_Classes.Mirafit_CheckOut_PayPalPre_CartPageProduction_Test" name="Accessories" time="397.161"/>
  <testcase classname="Test_Classes.Mirafit_CheckOut_Pre_Production_Test" name="CheckOut" time="228.599">
    <failure type="org.openqa.selenium.ElementClickInterceptedException" message="element click intercepted: Element &amp;lt;input type=&amp;quot;radio&amp;quot; name=&amp;quot;payment[method]&amp;quot; class=&amp;quot;radio&amp;quot; data-bind=&amp;quot;
                    attr: {&amp;apos;id&amp;apos;: getCode()},
                    value: getCode(),
                    checked: isChecked,
                    click: selectPaymentMethod,
                    visible: isRadioButtonVisible()&amp;quot; id=&amp;quot;braintree&amp;quot; value=&amp;quot;braintree&amp;quot;&amp;gt; is not clickable at point (618, 503). Other element would receive the click: &amp;lt;div id=&amp;quot;checkout-loader&amp;quot; data-role=&amp;quot;checkout-loader&amp;quot; class=&amp;quot;loading-mask&amp;quot;&amp;gt;...&amp;lt;/div&amp;gt;
  (Session info: chrome=107.0.5304.107)
Build info: version: &amp;apos;4.3.0&amp;apos;, revision: &amp;apos;a4995e2c09*&amp;apos;
System info: host: &amp;apos;DESKTOP-18BP1P8&amp;apos;, ip: &amp;apos;192.168.1.11&amp;apos;, os.name: &amp;apos;Windows 10&amp;apos;, os.arch: &amp;apos;amd64&amp;apos;, os.version: &amp;apos;10.0&amp;apos;, java.version: &amp;apos;11.0.8&amp;apos;
Driver info: org.openqa.selenium.chrome.ChromeDriver
Command: [a2b72df631cf4bb9ea6ba6879167dca7, clickElement {id=bde0f1b0-6b7b-43bc-9963-68ff84203586}]
Capabilities {acceptInsecureCerts: false, browserName: chrome, browserVersion: 107.0.5304.107, chrome: {chromedriverVersion: 107.0.5304.62 (1eec40d3a576..., userDataDir: C:\Users\gwl\AppData\Local\...}, goog:chromeOptions: {debuggerAddress: localhost:53828}, networkConnectionEnabled: false, pageLoadStrategy: normal, platformName: WINDOWS, proxy: Proxy(), se:cdp: ws://localhost:53828/devtoo..., se:cdpVersion: 107.0.5304.107, setWindowRect: true, strictFileInteractability: false, timeouts: {implicit: 0, pageLoad: 300000, script: 30000}, unhandledPromptBehavior: dismiss and notify, webauthn:extension:credBlob: true, webauthn:extension:largeBlob: true, webauthn:virtualAuthenticators: true}
Element: [[ChromeDriver: chrome on WINDOWS (a2b72df631cf4bb9ea6ba6879167dca7)] -&amp;gt; xpath: (//input[@class=&amp;apos;radio&amp;apos;])[3]]
Session ID: a2b72df631cf4bb9ea6ba6879167dca7">
      <![CDATA[org.openqa.selenium.ElementClickInterceptedException: element click intercepted: Element <input type="radio" name="payment[method]" class="radio" data-bind="
                    attr: {'id': getCode()},
                    value: getCode(),
                    checked: isChecked,
                    click: selectPaymentMethod,
                    visible: isRadioButtonVisible()" id="braintree" value="braintree"> is not clickable at point (618, 503). Other element would receive the click: <div id="checkout-loader" data-role="checkout-loader" class="loading-mask">...</div>
  (Session info: chrome=107.0.5304.107)
Build info: version: '4.3.0', revision: 'a4995e2c09*'
System info: host: 'DESKTOP-18BP1P8', ip: '192.168.1.11', os.name: 'Windows 10', os.arch: 'amd64', os.version: '10.0', java.version: '11.0.8'
Driver info: org.openqa.selenium.chrome.ChromeDriver
Command: [a2b72df631cf4bb9ea6ba6879167dca7, clickElement {id=bde0f1b0-6b7b-43bc-9963-68ff84203586}]
Capabilities {acceptInsecureCerts: false, browserName: chrome, browserVersion: 107.0.5304.107, chrome: {chromedriverVersion: 107.0.5304.62 (1eec40d3a576..., userDataDir: C:\Users\gwl\AppData\Local\...}, goog:chromeOptions: {debuggerAddress: localhost:53828}, networkConnectionEnabled: false, pageLoadStrategy: normal, platformName: WINDOWS, proxy: Proxy(), se:cdp: ws://localhost:53828/devtoo..., se:cdpVersion: 107.0.5304.107, setWindowRect: true, strictFileInteractability: false, timeouts: {implicit: 0, pageLoad: 300000, script: 30000}, unhandledPromptBehavior: dismiss and notify, webauthn:extension:credBlob: true, webauthn:extension:largeBlob: true, webauthn:virtualAuthenticators: true}
Element: [[ChromeDriver: chrome on WINDOWS (a2b72df631cf4bb9ea6ba6879167dca7)] -> xpath: (//input[@class='radio'])[3]]
Session ID: a2b72df631cf4bb9ea6ba6879167dca7
at org.openqa.selenium.remote.codec.w3c.W3CHttpResponseCodec.createException(W3CHttpResponseCodec.java:200)
at org.openqa.selenium.remote.codec.w3c.W3CHttpResponseCodec.decode(W3CHttpResponseCodec.java:133)
at org.openqa.selenium.remote.codec.w3c.W3CHttpResponseCodec.decode(W3CHttpResponseCodec.java:53)
at org.openqa.selenium.remote.HttpCommandExecutor.execute(HttpCommandExecutor.java:184)
at org.openqa.selenium.remote.service.DriverCommandExecutor.invokeExecute(DriverCommandExecutor.java:167)
at org.openqa.selenium.remote.service.DriverCommandExecutor.execute(DriverCommandExecutor.java:142)
at org.openqa.selenium.remote.RemoteWebDriver.execute(RemoteWebDriver.java:569)
at org.openqa.selenium.remote.RemoteWebElement.execute(RemoteWebElement.java:257)
at org.openqa.selenium.remote.RemoteWebElement.click(RemoteWebElement.java:78)
at POM_Classes.Mirafit_CheckOut_Pre_Production_Pom.Click_Checkout(Mirafit_CheckOut_Pre_Production_Pom.java:176)
at POM_Classes.Mirafit_CheckOut_Pre_Production_Pom.Checkout_steps(Mirafit_CheckOut_Pre_Production_Pom.java:254)
at Test_Classes.Mirafit_CheckOut_Pre_Production_Test.CheckOut(Mirafit_CheckOut_Pre_Production_Test.java:54)
at java.base/java.util.ArrayList.forEach(ArrayList.java:1541)
... Removed 35 stack frames]]>
    </failure>
  </testcase> <!-- CheckOut -->
</testsuite> <!-- Test -->
